[2015.08.12-08.32.14:994][  0]Log file open, 08/12/15 03:32:14
[2015.08.12-08.32.14:994][  0]LogInit:Display: Running engine for game: Boop
[2015.08.12-08.32.14:994][  0]LogInit:Display: RandInit(2134862692) SRandInit(2134862692).
[2015.08.12-08.32.14:994][  0]LogTaskGraph: Started task graph with 4 named threads and 8 total threads.
[2015.08.12-08.32.14:994][  0]LogStats: Stats thread started
[2015.08.12-08.32.14:994][  0]LogInit: Version: 4.8.3-2634408+++depot+UE4-Releases+4.8
[2015.08.12-08.32.14:994][  0]LogInit: API Version: 2579680
[2015.08.12-08.32.14:994][  0]LogInit: Compiled (64-bit): Jul 27 2015 16:24:33
[2015.08.12-08.32.14:994][  0]LogInit: Compiled with Visual C++: 18.00.21005.01
[2015.08.12-08.32.14:994][  0]LogInit: Build Configuration: Development
[2015.08.12-08.32.14:994][  0]LogInit: Branch Name: ++depot+UE4-Releases+4.8
[2015.08.12-08.32.14:994][  0]LogInit: Command line:  
[2015.08.12-08.32.14:994][  0]LogInit: Base directory: E:/Epic Games/4.8/Engine/Binaries/Win64/
[2015.08.12-08.32.14:994][  0]LogInit: Rocket: 1
[2015.08.12-08.32.15:005][  0]LogInit: Using libcurl 7.41.0
[2015.08.12-08.32.15:005][  0]LogInit:  - built for x86_64-pc-win32
[2015.08.12-08.32.15:005][  0]LogInit:  - supports SSL with WinSSL
[2015.08.12-08.32.15:005][  0]LogInit:  - other features:
[2015.08.12-08.32.15:005][  0]LogInit:      CURL_VERSION_SSL
[2015.08.12-08.32.15:005][  0]LogInit:      CURL_VERSION_IPV6
[2015.08.12-08.32.15:005][  0]LogInit:      CURL_VERSION_ASYNCHDNS
[2015.08.12-08.32.15:005][  0]LogInit:      CURL_VERSION_LARGEFILE
[2015.08.12-08.32.15:005][  0]LogInit:      CURL_VERSION_IDN
[2015.08.12-08.32.15:005][  0]LogInit:  CurlRequestOptions (configurable via config and command line):
[2015.08.12-08.32.15:005][  0]LogInit:  - bVerifyPeer = true  - Libcurl will verify peer certificate
[2015.08.12-08.32.15:005][  0]LogInit:  - bUseHttpProxy = false  - Libcurl will NOT use HTTP proxy
[2015.08.12-08.32.15:005][  0]LogInit:  - bDontReuseConnections = false  - Libcurl will reuse connections
[2015.08.12-08.32.15:005][  0]LogInit:  - CertBundlePath = nullptr  - Libcurl will use whatever was configured at build time.
[2015.08.12-08.32.15:016][  0]LogOnline:Warning: No default platform service specified for OnlineSubsystem
[2015.08.12-08.32.15:028][  0]LogInit: Presizing for 0 objects not considered by GC, pre-allocating 0 bytes.
[2015.08.12-08.32.15:034][  0]LogInit: Object subsystem initialized
[2015.08.12-08.32.15:035][  0]LogConsoleResponse:Warning: Skipping Unknown console variable: 'TranslucentSortAxis = (X=0.000000,Y=-1.000000,Z=0.000000)'
[2015.08.12-08.32.15:035][  0]LogConsoleResponse:Warning:   Found in ini file 'I:/Repos/CGgameAssets/Games/Boop/Saved/Config/Windows/Engine.ini', in section '[/Script/Engine.RendererSettings]'
[2015.08.12-08.32.15:035][  0]LogConsoleResponse:Warning: Skipping Unknown console variable: 'UIScaleRule = ShortestSide'
[2015.08.12-08.32.15:035][  0]LogConsoleResponse:Warning:   Found in ini file 'I:/Repos/CGgameAssets/Games/Boop/Saved/Config/Windows/Engine.ini', in section '[/Script/Engine.RendererSettings]'
[2015.08.12-08.32.15:035][  0]LogConsoleResponse:Warning: Skipping Unknown console variable: 'UIScaleCurve = (EditorCurveData=(Keys=),ExternalCurve=None)'
[2015.08.12-08.32.15:035][  0]LogConsoleResponse:Warning:   Found in ini file 'I:/Repos/CGgameAssets/Games/Boop/Saved/Config/Windows/Engine.ini', in section '[/Script/Engine.RendererSettings]'
[2015.08.12-08.32.15:035][  0]LogInit: Selected Device Profile: [Windows]
[2015.08.12-08.32.15:035][  0]LogInit: Applying CVar settings loaded from the selected device profile: [Windows]
[2015.08.12-08.32.15:045][  0]LogInit: Computer: ALPHASABRE-PC
[2015.08.12-08.32.15:045][  0]LogInit: User: Alphasabre
[2015.08.12-08.32.15:045][  0]LogInit: CPU Page size=4096, Cores=6
[2015.08.12-08.32.15:045][  0]LogInit: High frequency timer resolution =3.222656 MHz
[2015.08.12-08.32.15:045][  0]LogMemory: Memory total: Physical=15.9GB (16GB approx)
[2015.08.12-08.32.15:045][  0]LogMemory: Platform Memory Stats for Windows
[2015.08.12-08.32.15:045][  0]LogMemory: Process Physical Memory: 49.05 MB used, 49.05 MB peak
[2015.08.12-08.32.15:045][  0]LogMemory: Process Virtual Memory: 22.56 MB used, 22.56 MB peak
[2015.08.12-08.32.15:045][  0]LogMemory: Physical Memory: 5614.25 MB used, 16279.23 MB total
[2015.08.12-08.32.15:045][  0]LogMemory: Virtual Memory: 311.01 MB used, 134217728.00 MB total
[2015.08.12-08.32.15:078][  0]LogTextLocalizationManager: The requested culture ('en_US') has no localization data; parent culture's ('en') localization data will be used.
[2015.08.12-08.32.15:279][  0]LogTextLocalizationManager:Warning: Loaded localization resources contain conflicting entries for (Namespace:ContentBrowser, Key:ImportAssetToolTip):
Localization Resource: (E:/Epic Games/4.8/Engine/Content/Localization/Editor/en/Editor.locres) Source String Hash: (-630476809) Localized String: (Import to {0}...)
Localization Resource: (E:/Epic Games/4.8/Engine/Content/Localization/Editor/en/Editor.locres) Source String Hash: (1271782899) Localized String: (Imports an asset from file to this folder.)
[2015.08.12-08.32.15:654][  0]LogD3D11RHI: Found D3D11 adapter 0: NVIDIA GeForce GTX 980 Ti (Feature Level 11_0)
[2015.08.12-08.32.15:654][  0]LogD3D11RHI: Adapter has 6048MB of dedicated video memory, 0MB of dedicated system memory, and 8139MB of shared system memory, 2 output[s]
[2015.08.12-08.32.15:656][  0]LogD3D11RHI: Found D3D11 adapter 1: Microsoft Basic Render Driver (Feature Level 11_0)
[2015.08.12-08.32.15:656][  0]LogD3D11RHI: Adapter has 0MB of dedicated video memory, 0MB of dedicated system memory, and 8139MB of shared system memory, 0 output[s]
[2015.08.12-08.32.15:656][  0]LogD3D11RHI: Chosen D3D11 Adapter Id = 0
[2015.08.12-08.32.15:664][  0]LogD3D11RHI: InitD3DDevice
[2015.08.12-08.32.15:664][  0]LogD3D11RHI: !Direct3DDevice
[2015.08.12-08.32.15:664][  0]LogRHI: Texture pool is 1361 MB (70% of 1945 MB)
[2015.08.12-08.32.15:679][  0]LogD3D11RHI: Async texture creation enabled
[2015.08.12-08.32.15:690][  0]LogShaderCompilers:Display: Using Local Shader Compiler.
[2015.08.12-08.32.16:434][  0]LogTemp:Display: Loaded TP DesktopTargetPlatform
[2015.08.12-08.32.16:449][  0]LogTemp:Display: Loaded TP WindowsClientTargetPlatform
[2015.08.12-08.32.16:462][  0]LogTemp:Display: Loaded TP WindowsNoEditorTargetPlatform
[2015.08.12-08.32.16:475][  0]LogTemp:Display: Loaded TP WindowsServerTargetPlatform
[2015.08.12-08.32.16:489][  0]LogTemp:Display: Loaded TP WindowsTargetPlatform
[2015.08.12-08.32.16:500][  0]LogTemp:Display: Loaded TP AndroidTargetPlatform
[2015.08.12-08.32.16:511][  0]LogTemp:Display: Loaded TP Android_ASTCTargetPlatform
[2015.08.12-08.32.16:522][  0]LogTemp:Display: Loaded TP Android_ATCTargetPlatform
[2015.08.12-08.32.16:533][  0]LogTemp:Display: Loaded TP Android_DXTTargetPlatform
[2015.08.12-08.32.16:544][  0]LogTemp:Display: Loaded TP Android_ETC1TargetPlatform
[2015.08.12-08.32.16:555][  0]LogTemp:Display: Loaded TP Android_ETC2TargetPlatform
[2015.08.12-08.32.16:566][  0]LogTemp:Display: Loaded TP Android_PVRTCTargetPlatform
[2015.08.12-08.32.16:610][  0]LogTemp:Display: Loaded TP IOSTargetPlatform
[2015.08.12-08.32.16:621][  0]LogTemp:Display: Loaded TP LinuxNoEditorTargetPlatform
[2015.08.12-08.32.16:631][  0]LogTemp:Display: Loaded TP LinuxServerTargetPlatform
[2015.08.12-08.32.16:644][  0]LogTemp:Display: Loaded TP LinuxTargetPlatform
[2015.08.12-08.32.16:644][  0]LogTargetPlatformManager:Display: Building Assets For Windows
[2015.08.12-08.32.16:830][  0]LogDerivedDataCache:Display: Max Cache Size: 512 MB
[2015.08.12-08.32.16:881][  0]LogDerivedDataCache: Loaded boot cache 0.05s 53MB C:/Users/Alphasabre/AppData/Local/UnrealEngine/4.8/DerivedDataCache/Boot.ddc.
[2015.08.12-08.32.16:881][  0]LogDerivedDataCache:Display: Loaded Boot cache: C:/Users/Alphasabre/AppData/Local/UnrealEngine/4.8/DerivedDataCache/Boot.ddc
[2015.08.12-08.32.16:882][  0]LogDerivedDataCache: FDerivedDataBackendGraph:  Pak pak cache file I:/Repos/CGgameAssets/Games/Boop/DerivedDataCache/DDC.ddp not found, will not use a pak cache.
[2015.08.12-08.32.16:882][  0]LogDerivedDataCache: Unable to find inner node Pak for hierarchical cache Hierarchy.
[2015.08.12-08.32.16:882][  0]LogDerivedDataCache: FDerivedDataBackendGraph:  CompressedPak pak cache file I:/Repos/CGgameAssets/Games/Boop/DerivedDataCache/Compressed.ddp not found, will not use a pak cache.
[2015.08.12-08.32.16:882][  0]LogDerivedDataCache: Unable to find inner node CompressedPak for hierarchical cache Hierarchy.
[2015.08.12-08.32.17:043][  0]LogDerivedDataCache:Display: Pak cache opened for reading ../../../Engine/DerivedDataCache/Compressed.ddp.
[2015.08.12-08.32.17:054][  0]LogDerivedDataCache: Using Local data cache path C:/Users/Alphasabre/AppData/Local/UnrealEngine/Common/DerivedDataCache: Writable
[2015.08.12-08.32.17:253][  0]LogInit: Selected Device Profile: [Windows]
[2015.08.12-08.32.17:345][  0]ImportText (ComponentSweepMultiTests): Missing closing parenthesis: (RootShapeAsset="/Engine/BasicShapes/Cube.Cube",ShapeType="TriggerCapsule",HitResult=(Time=0.50,Location=(X=-100.000015,Y=0.0,Z=100.000015),ImpactPoint=(X=-50.0,Y=0.0,Z=50.0),Normal=(X=-1.0,Y=-0.0,Z=0.0),ImpactNormal=(X=0.0,Y=0.0,Z=1.0),TraceStart=(X=-200.0,Y=0.0,Z=200.0),TraceEnd=(X=0.0,Y=0.0,Z=0.0))
[2015.08.12-08.32.17:345][  0]ImportText (LineTraceSingleByChannelTests): Missing closing parenthesis: (RootShapeAsset="/Engine/BasicShapes/Cube.Cube",HitResult=(Time=0.50,Location=(X=-100.000015,Y=0.0,Z=100.000015),ImpactPoint=(X=-50.0,Y=0.0,Z=50.0),Normal=(X=-1.0,Y=-0.0,Z=0.0),ImpactNormal=(X=0.0,Y=0.0,Z=1.0),TraceStart=(X=-200.0,Y=0.0,Z=200.0),TraceEnd=(X=0.0,Y=0.0,Z=0.0))
[2015.08.12-08.32.17:370][  0]LogMeshUtilities: No automatic mesh reduction module available
[2015.08.12-08.32.17:370][  0]LogMeshUtilities: No automatic mesh merging module available
[2015.08.12-08.32.17:696][  0]LogInit: WinSock: version 1.1 (2.2), MaxSocks=32767, MaxUdp=65467
[2015.08.12-08.32.18:588][  0]UdpMessaging: Initializing bridge on interface 0.0.0.0:0 to multicast group 230.0.0.1:6666.
[2015.08.12-08.32.18:909][  0]SourceControl: Info Source control is disabled
[2015.08.12-08.32.18:925][  0]SourceControl: Info Source control is disabled
[2015.08.12-08.32.18:935][  0]SourceControl: Info Source control is disabled
[2015.08.12-08.32.18:943][  0]SourceControl: Info Source control is disabled
[2015.08.12-08.32.19:137][  0]LogObj: 26273 objects as part of root set at end of initial load.
[2015.08.12-08.32.19:137][  0]LogUObjectAllocator: 5409248 out of 0 bytes used by permanent object pool.
[2015.08.12-08.32.19:225][  0]LogEngine: Initializing Engine...
[2015.08.12-08.32.19:229][  0]LogHMD: Can't find Oculus library dev build: is proper Runtime installed? Version: 0.6.0.0
[2015.08.12-08.32.19:238][  0]LogHMD:Warning: SteamVR failed to initialize.  Error: 108
[2015.08.12-08.32.19:376][  0]LogAIModule: Creating AISystem for world NewWorld
[2015.08.12-08.32.19:385][  0]LogInit: XAudio2 using 'Speakers (Realtek High Definition Audio)' : 2 channels at 44.1 kHz using 16 bits per sample (channel mask 0x3)
[2015.08.12-08.32.19:443][  0]LogInit: FAudioDevice initialized.
[2015.08.12-08.32.19:485][  0]LogDerivedDataCache: Saved boot cache 0.04s 53MB C:/Users/Alphasabre/AppData/Local/UnrealEngine/4.8/DerivedDataCache/Boot.ddc.
[2015.08.12-08.32.19:495][  0]LogInit: Texture streaming: Disabled
[2015.08.12-08.32.19:519][  0]LogAnalytics: Creating configured Analytics provider AnalyticsET
[2015.08.12-08.32.19:519][  0]LogAnalytics: [UEEditor.Rocket.Release] APIServer = http://et2.epicgames.com/ET2/. AppVersion = 4.8.3-2634408+++depot+UE4-Releases+4.8
[2015.08.12-08.32.19:519][  0]LogAnalytics: [UEEditor.Rocket.Release] SetUserId 2717d82b43f9fc94b221b486004fec41|25e392d8ba6d4d9b9c240065a04c1364|2af85b2f-77a7-452f-99e7-5b4f7589e247
[2015.08.12-08.32.19:519][  0]LogAnalytics: [UEEditor.Rocket.Release] AnalyticsET::StartSession
[2015.08.12-08.32.19:549][  0]LogInit: Transaction tracking system initialized
[2015.08.12-08.32.19:695][  0]BlueprintLog: New page: Editor Load
[2015.08.12-08.32.19:728][  0]LogAssetRegistry: FAssetRegistry took 0.0111 seconds to start up
[2015.08.12-08.32.19:728][  0]LogDirectoryWatcher:Warning: Failed to begin reading directory changes for ../../../Engine/Plugins/Experimental/CharacterAI/Content/. Error: 0
[2015.08.12-08.32.20:585][  0]LogConsoleManager:Warning: Console variable 'r.VSync' wasn't set ('GameSetting' has a lower priority than 'SystemSettingsIni')
[2015.08.12-08.32.20:586][  0]LogConsoleResponse:Display: 
[2015.08.12-08.32.20:674][  0]LogCook:Display: Done creating registry. It took  0.00s.
[2015.08.12-08.32.20:820][  0]SourceControl: Info Source control is disabled
[2015.08.12-08.32.20:820][  0]Cmd: MAP LOAD FILE="../../../Engine/Content/Maps/Templates/Template_Default.umap" TEMPLATE=1 SHOWPROGRESS=1 FEATURELEVEL=3
[2015.08.12-08.32.20:820][  0]LightingResults: New page: Lighting Build
[2015.08.12-08.32.20:831][  0]MapCheck: New page: Map Check
[2015.08.12-08.32.20:831][  0]LightingResults: New page: Lighting Build
[2015.08.12-08.32.20:837][  0]LogParticles: Destroying 0 GPU particle simulations for FXSystem 0x000000AC60841940
[2015.08.12-08.32.21:148][  0]LogAIModule: Creating AISystem for world Untitled_1
[2015.08.12-08.32.21:153][  0]LogEditorServer: Finished looking for orphan Actors (0.000 secs)
[2015.08.12-08.32.21:160][  0]Cmd: MAP CHECKDEP NOCLEARLOG
[2015.08.12-08.32.21:189][  0]MapCheck: Info Map check complete: 0 Error(s), 0 Warning(s), took 28.926ms to complete.
[2015.08.12-08.32.21:189][  0]LogFileHelpers: Loading map 'Template_Default' took 0.369
[2015.08.12-08.32.21:294][  0]LogCollectionManager: Loaded 0 collections in 0.001850 seconds
[2015.08.12-08.32.21:300][  0]LogContentBrowser: Native class hierarchy populated in 0.0059 seconds. Added 1792 classes and 301 folders.
[2015.08.12-08.32.21:338][  0]LogContentBrowser: Native class hierarchy updated for 'WidgetCarousel' in 0.0003 seconds. Added 0 classes and 0 folders.
[2015.08.12-08.32.21:360][  0]LogContentBrowser: Native class hierarchy updated for 'AddContentDialog' in 0.0003 seconds. Added 0 classes and 0 folders.
[2015.08.12-08.32.21:372][  0]LogContentBrowser: Native class hierarchy updated for 'SceneOutliner' in 0.0003 seconds. Added 1 classes and 2 folders.
[2015.08.12-08.32.21:401][  0]LogCrashTracker: Crashtracker disabled due to settings.
[2015.08.12-08.32.21:401][  0]LogD3D11RHI: InitD3DDevice
[2015.08.12-08.32.21:404][  0]LogUObjectGlobals:Warning: Failed to find object 'Class None.'
[2015.08.12-08.32.21:426][  0]LogLoad: Full Startup: 7.75 seconds (BP compile: 0.11 seconds)
[2015.08.12-08.32.21:839][  0]LogContentStreaming: Texture pool size is 0.000000MB
[2015.08.12-08.32.21:870][  0]LogContentStreaming: Texture pool size now 1000 MB
[2015.08.12-08.32.21:982][  0]LogRenderer: Reallocating scene render targets to support 1208x576 (Frame:2).
[2015.08.12-08.32.24:774][  9]LogAssetRegistry: Asset discovery search completed in 5.0571 seconds
[2015.08.12-08.32.30:889][428]LogD3D11RHI: InitD3DDevice
[2015.08.12-08.32.31:436][493]LogD3D11RHI: InitD3DDevice
[2015.08.12-08.32.32:267][591]LogD3D11RHI: InitD3DDevice
[2015.08.12-08.32.33:400][725]LogD3D11RHI: InitD3DDevice
[2015.08.12-08.32.36:469][ 88]SourceControl: Info On branch master
[2015.08.12-08.32.36:469][ 88]SourceControl: Info Your branch is up-to-date with 'origin/master'.
[2015.08.12-08.32.36:469][ 88]SourceControl: Info Changes not staged for commit:
[2015.08.12-08.32.36:469][ 88]SourceControl: Info   (use "git add <file>..." to update what will be committed)
[2015.08.12-08.32.36:469][ 88]SourceControl: Info   (use "git checkout -- <file>..." to discard changes in working directory)
[2015.08.12-08.32.36:469][ 88]SourceControl: Info 	modified:   Games/Boop/Config/DefaultEngine.ini
[2015.08.12-08.32.36:469][ 88]SourceControl: Info 	modified:   Games/Boop/Intermediate/CachedAssetRegistry.bin
[2015.08.12-08.32.36:469][ 88]SourceControl: Info 	modified:   Games/Boop/Intermediate/Config/CoalescedSourceConfigs/Engine.ini
[2015.08.12-08.32.36:469][ 88]SourceControl: Info 	modified:   Games/Boop/Saved/Logs/Boop.log
[2015.08.12-08.32.36:469][ 88]SourceControl: Info Untracked files:
[2015.08.12-08.32.36:469][ 88]SourceControl: Info   (use "git add <file>..." to include in what will be committed)
[2015.08.12-08.32.36:469][ 88]SourceControl: Info 	Games/Boop/Saved/Logs/Boop-backup-2015.08.12-03.32.14.log
[2015.08.12-08.32.36:469][ 88]SourceControl: Info no changes added to commit (use "git add" and/or "git commit -a")
[2015.08.12-08.32.36:474][ 88]LogD3D11RHI: InitD3DDevice
[2015.08.12-08.32.51:280][843]LogD3D11RHI: InitD3DDevice
[2015.08.12-08.32.52:762][  7]LogD3D11RHI: InitD3DDevice
[2015.08.12-08.32.54:067][144]SourceControl: Info fatal: E:/Epic Games/4.8/Engine/Content/ArtTools/RenderToTexture/Blueprints/PhysMesh.uasset: 'E:/Epic Games/4.8/Engine/Content/ArtTools/RenderToTexture/Blueprints/PhysMesh.uasset' is outside repository
[2015.08.12-08.32.54:067][144]SourceControl: Info fatal: E:/Epic Games/4.8/Engine/Content/ArtTools/RenderToTexture/Enums/RenderToTexture_Enum.uasset: 'E:/Epic Games/4.8/Engine/Content/ArtTools/RenderToTexture/Enums/RenderToTexture_Enum.uasset' is outside repository
[2015.08.12-08.32.54:067][144]SourceControl: Info fatal: E:/Epic Games/4.8/Engine/Content/ArtTools/RenderToTexture/Macros/RenderToTextureMacros.uasset: 'E:/Epic Games/4.8/Engine/Content/ArtTools/RenderToTexture/Macros/RenderToTextureMacros.uasset' is outside repository
[2015.08.12-08.32.54:068][144]SourceControl: Info fatal: E:/Epic Games/4.8/Engine/Content/ArtTools/RenderToTexture/MaterialFunctions/BoundingSphereBased_0-1_UVW.uasset: 'E:/Epic Games/4.8/Engine/Content/ArtTools/RenderToTexture/MaterialFunctions/BoundingSphereBased_0-1_UVW.uasset' is outside repository
[2015.08.12-08.32.54:068][144]SourceControl: Info fatal: E:/Epic Games/4.8/Engine/Content/ArtTools/RenderToTexture/Materials/MPC_R2T.uasset: 'E:/Epic Games/4.8/Engine/Content/ArtTools/RenderToTexture/Materials/MPC_R2T.uasset' is outside repository
[2015.08.12-08.32.54:068][144]SourceControl: Info fatal: E:/Epic Games/4.8/Engine/Content/ArtTools/RenderToTexture/Materials/Debug/M_2sidedLit.uasset: 'E:/Epic Games/4.8/Engine/Content/ArtTools/RenderToTexture/Materials/Debug/M_2sidedLit.uasset' is outside repository
[2015.08.12-08.32.54:068][144]SourceControl: Info fatal: E:/Epic Games/4.8/Engine/Content/ArtTools/RenderToTexture/Materials/Flipbooks/M_FlipBookCounter_01.uasset: 'E:/Epic Games/4.8/Engine/Content/ArtTools/RenderToTexture/Materials/Flipbooks/M_FlipBookCounter_01.uasset' is outside repository
[2015.08.12-08.32.54:068][144]SourceControl: Info fatal: E:/Epic Games/4.8/Engine/Content/ArtTools/RenderToTexture/Meshes/ShadowTestMesh.uasset: 'E:/Epic Games/4.8/Engine/Content/ArtTools/RenderToTexture/Meshes/ShadowTestMesh.uasset' is outside repository
[2015.08.12-08.32.54:068][144]SourceControl: Info fatal: E:/Epic Games/4.8/Engine/Content/ArtTools/RenderToTexture/Textures/127grey.uasset: 'E:/Epic Games/4.8/Engine/Content/ArtTools/RenderToTexture/Textures/127grey.uasset' is outside repository
[2015.08.12-08.32.54:068][144]SourceControl: Info fatal: E:/Epic Games/4.8/Engine/Content/ArtTools/RenderToTexture/Textures/FlipbookMotionVectors/Position1.uasset: 'E:/Epic Games/4.8/Engine/Content/ArtTools/RenderToTexture/Textures/FlipbookMotionVectors/Position1.uasset' is outside repository
[2015.08.12-08.32.54:068][144]SourceControl: Info fatal: E:/Epic Games/4.8/Engine/Content/BasicShapes/BasicShapeMaterial.uasset: 'E:/Epic Games/4.8/Engine/Content/BasicShapes/BasicShapeMaterial.uasset' is outside repository
[2015.08.12-08.32.54:068][144]SourceControl: Info fatal: E:/Epic Games/4.8/Engine/Content/BufferVisualization/AmbientOcclusion.uasset: 'E:/Epic Games/4.8/Engine/Content/BufferVisualization/AmbientOcclusion.uasset' is outside repository
[2015.08.12-08.32.54:068][144]SourceControl: Info fatal: E:/Epic Games/4.8/Engine/Content/Editor/Slate/Icons/AssetIcons/Cone_16x.uasset: 'E:/Epic Games/4.8/Engine/Content/Editor/Slate/Icons/AssetIcons/Cone_16x.uasset' is outside repository
[2015.08.12-08.32.54:068][144]SourceControl: Info fatal: E:/Epic Games/4.8/Engine/Content/EditorBlueprintResources/ActorMacros.uasset: 'E:/Epic Games/4.8/Engine/Content/EditorBlueprintResources/ActorMacros.uasset' is outside repository
[2015.08.12-08.32.54:068][144]SourceControl: Info fatal: E:/Epic Games/4.8/Engine/Content/EditorKismetResources/StandardMacros.uasset: 'E:/Epic Games/4.8/Engine/Content/EditorKismetResources/StandardMacros.uasset' is outside repository
[2015.08.12-08.32.54:068][144]SourceControl: Info fatal: E:/Epic Games/4.8/Engine/Content/EditorLandscapeResources/AlphaBrushMaterial.uasset: 'E:/Epic Games/4.8/Engine/Content/EditorLandscapeResources/AlphaBrushMaterial.uasset' is outside repository
[2015.08.12-08.32.54:068][144]SourceControl: Info fatal: E:/Epic Games/4.8/Engine/Content/EditorMaterials/Anchor.uasset: 'E:/Epic Games/4.8/Engine/Content/EditorMaterials/Anchor.uasset' is outside repository
[2015.08.12-08.32.54:068][144]SourceControl: Info fatal: E:/Epic Games/4.8/Engine/Content/EditorMaterials/TreeArrow_ExpandedRealtimePreview.uasset: 'E:/Epic Games/4.8/Engine/Content/EditorMaterials/TreeArrow_ExpandedRealtimePreview.uasset' is outside repository
[2015.08.12-08.32.54:068][144]SourceControl: Info fatal: E:/Epic Games/4.8/Engine/Content/EditorMaterials/Cascade/CASC_BackgroundCube_MAT.uasset: 'E:/Epic Games/4.8/Engine/Content/EditorMaterials/Cascade/CASC_BackgroundCube_MAT.uasset' is outside repository
[2015.08.12-08.32.54:068][144]SourceControl: Info fatal: E:/Epic Games/4.8/Engine/Content/EditorMaterials/Matinee/MAT_EnableTrack_Mat.uasset: 'E:/Epic Games/4.8/Engine/Content/EditorMaterials/Matinee/MAT_EnableTrack_Mat.uasset' is outside repository
[2015.08.12-08.32.54:068][144]SourceControl: Info fatal: E:/Epic Games/4.8/Engine/Content/EditorMaterials/MatineeGroups/MAT_ColorTrack.uasset: 'E:/Epic Games/4.8/Engine/Content/EditorMaterials/MatineeGroups/MAT_ColorTrack.uasset' is outside repository
[2015.08.12-08.32.54:068][144]SourceControl: Info fatal: E:/Epic Games/4.8/Engine/Content/EditorMaterials/ParticleSystems/PSysThumbnail_NoImage.uasset: 'E:/Epic Games/4.8/Engine/Content/EditorMaterials/ParticleSystems/PSysThumbnail_NoImage.uasset' is outside repository
[2015.08.12-08.32.54:068][144]SourceControl: Info fatal: E:/Epic Games/4.8/Engine/Content/EditorMaterials/Thumbnails/FloorPlaneMaterial.uasset: 'E:/Epic Games/4.8/Engine/Content/EditorMaterials/Thumbnails/FloorPlaneMaterial.uasset' is outside repository
[2015.08.12-08.32.54:068][144]SourceControl: Info fatal: E:/Epic Games/4.8/Engine/Content/EditorMaterials/Utilities/ImageReflectionPreview.uasset: 'E:/Epic Games/4.8/Engine/Content/EditorMaterials/Utilities/ImageReflectionPreview.uasset' is outside repository
[2015.08.12-08.32.54:068][144]SourceControl: Info fatal: E:/Epic Games/4.8/Engine/Content/EditorMeshes/AnimTreeEd_PreviewFloor.uasset: 'E:/Epic Games/4.8/Engine/Content/EditorMeshes/AnimTreeEd_PreviewFloor.uasset' is outside repository
[2015.08.12-08.32.54:068][144]SourceControl: Info fatal: E:/Epic Games/4.8/Engine/Content/EditorMeshes/Cascade/BackgroundCube.uasset: 'E:/Epic Games/4.8/Engine/Content/EditorMeshes/Cascade/BackgroundCube.uasset' is outside repository
[2015.08.12-08.32.54:068][144]SourceControl: Info fatal: E:/Epic Games/4.8/Engine/Content/EditorMeshes/ColorCalibrator/M_ChromeBall.uasset: 'E:/Epic Games/4.8/Engine/Content/EditorMeshes/ColorCalibrator/M_ChromeBall.uasset' is outside repository
[2015.08.12-08.32.54:068][144]SourceControl: Info fatal: E:/Epic Games/4.8/Engine/Content/EditorMeshes/SkeletalMesh/DefaultSkeletalMesh.uasset: 'E:/Epic Games/4.8/Engine/Content/EditorMeshes/SkeletalMesh/DefaultSkeletalMesh.uasset' is outside repository
[2015.08.12-08.32.54:068][144]SourceControl: Info fatal: E:/Epic Games/4.8/Engine/Content/EditorResources/Ai_Spawnpoint.uasset: 'E:/Epic Games/4.8/Engine/Content/EditorResources/Ai_Spawnpoint.uasset' is outside repository
[2015.08.12-08.32.54:068][144]SourceControl: Info fatal: E:/Epic Games/4.8/Engine/Content/EditorResources/S_Trigger.uasset: 'E:/Epic Games/4.8/Engine/Content/EditorResources/S_Trigger.uasset' is outside repository
[2015.08.12-08.32.54:068][144]SourceControl: Info fatal: E:/Epic Games/4.8/Engine/Content/EditorResources/AI/S_NavLink.uasset: 'E:/Epic Games/4.8/Engine/Content/EditorResources/AI/S_NavLink.uasset' is outside repository
[2015.08.12-08.32.54:068][144]SourceControl: Info fatal: E:/Epic Games/4.8/Engine/Content/EditorResources/AudioIcons/S_Ambient_Sound_Moveable.uasset: 'E:/Epic Games/4.8/Engine/Content/EditorResources/AudioIcons/S_Ambient_Sound_Moveable.uasset' is outside repository
[2015.08.12-08.32.54:068][144]SourceControl: Info fatal: E:/Epic Games/4.8/Engine/Content/EditorResources/Crowd/T_Crowd_Spline.uasset: 'E:/Epic Games/4.8/Engine/Content/EditorResources/Crowd/T_Crowd_Spline.uasset' is outside repository
[2015.08.12-08.32.54:068][144]SourceControl: Info fatal: E:/Epic Games/4.8/Engine/Content/EditorResources/LightIcons/Light_Point_Stationary_Statics.uasset: 'E:/Epic Games/4.8/Engine/Content/EditorResources/LightIcons/Light_Point_Stationary_Statics.uasset' is outside repository
[2015.08.12-08.32.54:068][144]SourceControl: Info fatal: E:/Epic Games/4.8/Engine/Content/EditorResources/Spline/T_Loft_Spline.uasset: 'E:/Epic Games/4.8/Engine/Content/EditorResources/Spline/T_Loft_Spline.uasset' is outside repository
[2015.08.12-08.32.54:068][144]SourceControl: Info fatal: E:/Epic Games/4.8/Engine/Content/EditorShapes/Materials/MI_ShapeInstance.uasset: 'E:/Epic Games/4.8/Engine/Content/EditorShapes/Materials/MI_ShapeInstance.uasset' is outside repository
[2015.08.12-08.32.54:068][144]SourceControl: Info fatal: E:/Epic Games/4.8/Engine/Content/EditorShellMaterials/MI_BaseFlat.uasset: 'E:/Epic Games/4.8/Engine/Content/EditorShellMaterials/MI_BaseFlat.uasset' is outside repository
[2015.08.12-08.32.54:068][144]SourceControl: Info fatal: E:/Epic Games/4.8/Engine/Content/EditorShellMaterials/ManualUVs/MI_BaseGrid_MUV.uasset: 'E:/Epic Games/4.8/Engine/Content/EditorShellMaterials/ManualUVs/MI_BaseGrid_MUV.uasset' is outside repository
[2015.08.12-08.32.54:068][144]SourceControl: Info fatal: E:/Epic Games/4.8/Engine/Content/EditorShellMaterials/SketchUp/MI_BaseGrid_WUV_SketchUp.uasset: 'E:/Epic Games/4.8/Engine/Content/EditorShellMaterials/SketchUp/MI_BaseGrid_WUV_SketchUp.uasset' is outside repository
[2015.08.12-08.32.54:068][144]SourceControl: Info fatal: E:/Epic Games/4.8/Engine/Content/EditorShellMaterials/WorldUVs/MI_BaseGrid_WUV.uasset: 'E:/Epic Games/4.8/Engine/Content/EditorShellMaterials/WorldUVs/MI_BaseGrid_WUV.uasset' is outside repository
[2015.08.12-08.32.54:068][144]SourceControl: Info fatal: E:/Epic Games/4.8/Engine/Content/EditorSounds/GamePreview/EjectFromPlayer.uasset: 'E:/Epic Games/4.8/Engine/Content/EditorSounds/GamePreview/EjectFromPlayer.uasset' is outside repository
[2015.08.12-08.32.54:068][144]SourceControl: Info fatal: E:/Epic Games/4.8/Engine/Content/EditorSounds/Notifications/CompileFailed.uasset: 'E:/Epic Games/4.8/Engine/Content/EditorSounds/Notifications/CompileFailed.uasset' is outside repository
[2015.08.12-08.32.54:068][144]SourceControl: Info fatal: E:/Epic Games/4.8/Engine/Content/EngineAnimNotifies/AnimNotify_PlayParticleEffect.uasset: 'E:/Epic Games/4.8/Engine/Content/EngineAnimNotifies/AnimNotify_PlayParticleEffect.uasset' is outside repository
[2015.08.12-08.32.54:068][144]SourceControl: Info fatal: E:/Epic Games/4.8/Engine/Content/EngineDamageTypes/DmgTypeBP_Environmental.uasset: 'E:/Epic Games/4.8/Engine/Content/EngineDamageTypes/DmgTypeBP_Environmental.uasset' is outside repository
[2015.08.12-08.32.54:068][144]SourceControl: Info fatal: E:/Epic Games/4.8/Engine/Content/EngineDebugMaterials/BlackUnlitMaterial.uasset: 'E:/Epic Games/4.8/Engine/Content/EngineDebugMaterials/BlackUnlitMaterial.uasset' is outside repository
[2015.08.12-08.32.54:068][144]SourceControl: Info fatal: E:/Epic Games/4.8/Engine/Content/EngineDebugMaterials/LightingModels/M_TextureDefinedSpecularReflecti.uasset: 'E:/Epic Games/4.8/Engine/Content/EngineDebugMaterials/LightingModels/M_TextureDefinedSpecularReflecti.uasset' is outside repository
[2015.08.12-08.32.54:068][144]SourceControl: Info fatal: E:/Epic Games/4.8/Engine/Content/EngineFonts/Roboto.uasset: 'E:/Epic Games/4.8/Engine/Content/EngineFonts/Roboto.uasset' is outside repository
[2015.08.12-08.32.54:068][144]SourceControl: Info fatal: E:/Epic Games/4.8/Engine/Content/EngineLightProfiles/180Degree_IES.uasset: 'E:/Epic Games/4.8/Engine/Content/EngineLightProfiles/180Degree_IES.uasset' is outside repository
[2015.08.12-08.32.54:068][144]SourceControl: Info fatal: E:/Epic Games/4.8/Engine/Content/EngineMaterials/AntiAliasedTextMaterialTranslucent.uasset: 'E:/Epic Games/4.8/Engine/Content/EngineMaterials/AntiAliasedTextMaterialTranslucent.uasset' is outside repository
[2015.08.12-08.32.54:068][144]SourceControl: Info fatal: E:/Epic Games/4.8/Engine/Content/EngineMaterials/RandomMirrorDisc.uasset: 'E:/Epic Games/4.8/Engine/Content/EngineMaterials/RandomMirrorDisc.uasset' is outside repository
[2015.08.12-08.32.54:068][144]SourceControl: Info fatal: E:/Epic Games/4.8/Engine/Content/EngineMeshes/BackgroundCube.uasset: 'E:/Epic Games/4.8/Engine/Content/EngineMeshes/BackgroundCube.uasset' is outside repository
[2015.08.12-08.32.54:068][144]SourceControl: Info fatal: E:/Epic Games/4.8/Engine/Content/EngineProduction/ReferenceNormalMap.uasset: 'E:/Epic Games/4.8/Engine/Content/EngineProduction/ReferenceNormalMap.uasset' is outside repository
[2015.08.12-08.32.54:068][144]SourceControl: Info fatal: E:/Epic Games/4.8/Engine/Content/EngineResources/AICON-Green.uasset: 'E:/Epic Games/4.8/Engine/Content/EngineResources/AICON-Green.uasset' is outside repository
[2015.08.12-08.32.54:068][144]SourceControl: Info fatal: E:/Epic Games/4.8/Engine/Content/EngineResources/Cursors/Arrow.uasset: 'E:/Epic Games/4.8/Engine/Content/EngineResources/Cursors/Arrow.uasset' is outside repository
[2015.08.12-08.32.54:068][144]SourceControl: Info fatal: E:/Epic Games/4.8/Engine/Content/EngineSky/BP_Sky_Shere.uasset: 'E:/Epic Games/4.8/Engine/Content/EngineSky/BP_Sky_Shere.uasset' is outside repository
[2015.08.12-08.32.54:069][144]SourceControl: Info fatal: E:/Epic Games/4.8/Engine/Content/EngineSounds/Duck_Normal_Attack_MixMod.uasset: 'E:/Epic Games/4.8/Engine/Content/EngineSounds/Duck_Normal_Attack_MixMod.uasset' is outside repository
[2015.08.12-08.32.54:069][144]SourceControl: Info fatal: E:/Epic Games/4.8/Engine/Content/EngineSounds/ReverbSettings/Alley.uasset: 'E:/Epic Games/4.8/Engine/Content/EngineSounds/ReverbSettings/Alley.uasset' is outside repository
[2015.08.12-08.32.54:069][144]SourceControl: Info fatal: E:/Epic Games/4.8/Engine/Content/EngineTireTypes/DefaultTireType.uasset: 'E:/Epic Games/4.8/Engine/Content/EngineTireTypes/DefaultTireType.uasset' is outside repository
[2015.08.12-08.32.54:069][144]SourceControl: Info fatal: E:/Epic Games/4.8/Engine/Content/EngineVolumetrics/FalloffSphere/Materials/M_EV_FalloffSphere_Master_01.uasset: 'E:/Epic Games/4.8/Engine/Content/EngineVolumetrics/FalloffSphere/Materials/M_EV_FalloffSphere_Master_01.uasset' is outside repository
[2015.08.12-08.32.54:069][144]SourceControl: Info fatal: E:/Epic Games/4.8/Engine/Content/EngineVolumetrics/FalloffSphere/Mesh/S_EV_FalloffSphere_Mesh_01.uasset: 'E:/Epic Games/4.8/Engine/Content/EngineVolumetrics/FalloffSphere/Mesh/S_EV_FalloffSphere_Mesh_01.uasset' is outside repository
[2015.08.12-08.32.54:069][144]SourceControl: Info fatal: E:/Epic Games/4.8/Engine/Content/EngineVolumetrics/FogEnvironment/Materials/M_EV_FogEnvironment_Master_01.uasset: 'E:/Epic Games/4.8/Engine/Content/EngineVolumetrics/FogEnvironment/Materials/M_EV_FogEnvironment_Master_01.uasset' is outside repository
[2015.08.12-08.32.54:069][144]SourceControl: Info fatal: E:/Epic Games/4.8/Engine/Content/EngineVolumetrics/FogEnvironment/Mesh/S_EV_FogEnvironment_01_Mesh.uasset: 'E:/Epic Games/4.8/Engine/Content/EngineVolumetrics/FogEnvironment/Mesh/S_EV_FogEnvironment_01_Mesh.uasset' is outside repository
[2015.08.12-08.32.54:069][144]SourceControl: Info fatal: E:/Epic Games/4.8/Engine/Content/EngineVolumetrics/Fogsheet/T_EV_Fogsheet_FlareColors_01.uasset: 'E:/Epic Games/4.8/Engine/Content/EngineVolumetrics/Fogsheet/T_EV_Fogsheet_FlareColors_01.uasset' is outside repository
[2015.08.12-08.32.54:069][144]SourceControl: Info fatal: E:/Epic Games/4.8/Engine/Content/EngineVolumetrics/Fogsheet/Materials/M_EV_FogSheet_1sided_Master_01.uasset: 'E:/Epic Games/4.8/Engine/Content/EngineVolumetrics/Fogsheet/Materials/M_EV_FogSheet_1sided_Master_01.uasset' is outside repository
[2015.08.12-08.32.54:069][144]SourceControl: Info fatal: E:/Epic Games/4.8/Engine/Content/EngineVolumetrics/Fogsheet/Mesh/MI_Fogsheet_HideClose.uasset: 'E:/Epic Games/4.8/Engine/Content/EngineVolumetrics/Fogsheet/Mesh/MI_Fogsheet_HideClose.uasset' is outside repository
[2015.08.12-08.32.54:069][144]SourceControl: Info fatal: E:/Epic Games/4.8/Engine/Content/EngineVolumetrics/LightBeam/Materials/M_EV_Lightbeam_Master_01.uasset: 'E:/Epic Games/4.8/Engine/Content/EngineVolumetrics/LightBeam/Materials/M_EV_Lightbeam_Master_01.uasset' is outside repository
[2015.08.12-08.32.54:069][144]SourceControl: Info fatal: E:/Epic Games/4.8/Engine/Content/EngineVolumetrics/LightBeam/Mesh/S_EV_SimpleLightBeam_01.uasset: 'E:/Epic Games/4.8/Engine/Content/EngineVolumetrics/LightBeam/Mesh/S_EV_SimpleLightBeam_01.uasset' is outside repository
[2015.08.12-08.32.54:069][144]SourceControl: Info fatal: E:/Epic Games/4.8/Engine/Content/Engine_MI_Shaders/MI_Shader_BaseTileEx.uasset: 'E:/Epic Games/4.8/Engine/Content/Engine_MI_Shaders/MI_Shader_BaseTileEx.uasset' is outside repository
[2015.08.12-08.32.54:069][144]SourceControl: Info fatal: E:/Epic Games/4.8/Engine/Content/Engine_MI_Shaders/Instances/M_ES_Phong_Opaque_INST_01.uasset: 'E:/Epic Games/4.8/Engine/Content/Engine_MI_Shaders/Instances/M_ES_Phong_Opaque_INST_01.uasset' is outside repository
[2015.08.12-08.32.54:069][144]SourceControl: Info fatal: E:/Epic Games/4.8/Engine/Content/Engine_MI_Shaders/Textures/Bokeh.uasset: 'E:/Epic Games/4.8/Engine/Content/Engine_MI_Shaders/Textures/Bokeh.uasset' is outside repository
[2015.08.12-08.32.54:069][144]SourceControl: Info fatal: E:/Epic Games/4.8/Engine/Content/FunctionalTesting/Blueprints/AITesting_MoveGoal.uasset: 'E:/Epic Games/4.8/Engine/Content/FunctionalTesting/Blueprints/AITesting_MoveGoal.uasset' is outside repository
[2015.08.12-08.32.54:069][144]SourceControl: Info fatal: E:/Epic Games/4.8/Engine/Content/Functions/Engine_MaterialFunctions01/AlphaBlend/World_Aligned_Blend.uasset: 'E:/Epic Games/4.8/Engine/Content/Functions/Engine_MaterialFunctions01/AlphaBlend/World_Aligned_Blend.uasset' is outside repository
[2015.08.12-08.32.54:069][144]SourceControl: Info fatal: E:/Epic Games/4.8/Engine/Content/Functions/Engine_MaterialFunctions01/Coordinates/UVRemap_0-1_ToRange.uasset: 'E:/Epic Games/4.8/Engine/Content/Functions/Engine_MaterialFunctions01/Coordinates/UVRemap_0-1_ToRange.uasset' is outside repository
[2015.08.12-08.32.54:069][144]SourceControl: Info fatal: E:/Epic Games/4.8/Engine/Content/Functions/Engine_MaterialFunctions01/Debug/FunctionGraphSetup.uasset: 'E:/Epic Games/4.8/Engine/Content/Functions/Engine_MaterialFunctions01/Debug/FunctionGraphSetup.uasset' is outside repository
[2015.08.12-08.32.54:069][144]SourceControl: Info fatal: E:/Epic Games/4.8/Engine/Content/Functions/Engine_MaterialFunctions01/Density/ExponentialDensity.uasset: 'E:/Epic Games/4.8/Engine/Content/Functions/Engine_MaterialFunctions01/Density/ExponentialDensity.uasset' is outside repository
[2015.08.12-08.32.54:069][144]SourceControl: Info fatal: E:/Epic Games/4.8/Engine/Content/Functions/Engine_MaterialFunctions01/Gradient/DiamondGradient.uasset: 'E:/Epic Games/4.8/Engine/Content/Functions/Engine_MaterialFunctions01/Gradient/DiamondGradient.uasset' is outside repository
[2015.08.12-08.32.54:069][144]SourceControl: Info fatal: E:/Epic Games/4.8/Engine/Content/Functions/Engine_MaterialFunctions01/ImageAdjustment/3ColorBlend.uasset: 'E:/Epic Games/4.8/Engine/Content/Functions/Engine_MaterialFunctions01/ImageAdjustment/3ColorBlend.uasset' is outside repository
[2015.08.12-08.32.54:069][144]SourceControl: Info fatal: E:/Epic Games/4.8/Engine/Content/Functions/Engine_MaterialFunctions01/Lighting/PixelDepthOffset_Foliage.uasset: 'E:/Epic Games/4.8/Engine/Content/Functions/Engine_MaterialFunctions01/Lighting/PixelDepthOffset_Foliage.uasset' is outside repository
[2015.08.12-08.32.54:069][144]SourceControl: Info fatal: E:/Epic Games/4.8/Engine/Content/Functions/Engine_MaterialFunctions01/Opacity/AlphaOffset.uasset: 'E:/Epic Games/4.8/Engine/Content/Functions/Engine_MaterialFunctions01/Opacity/AlphaOffset.uasset' is outside repository
[2015.08.12-08.32.54:069][144]SourceControl: Info fatal: E:/Epic Games/4.8/Engine/Content/Functions/Engine_MaterialFunctions01/Reflections/ReflectionVectorSoft.uasset: 'E:/Epic Games/4.8/Engine/Content/Functions/Engine_MaterialFunctions01/Reflections/ReflectionVectorSoft.uasset' is outside repository
[2015.08.12-08.32.54:069][144]SourceControl: Info fatal: E:/Epic Games/4.8/Engine/Content/Functions/Engine_MaterialFunctions01/Shading/ConvertFromDiffSpec.uasset: 'E:/Epic Games/4.8/Engine/Content/Functions/Engine_MaterialFunctions01/Shading/ConvertFromDiffSpec.uasset' is outside repository
[2015.08.12-08.32.54:069][144]SourceControl: Info fatal: E:/Epic Games/4.8/Engine/Content/Functions/Engine_MaterialFunctions01/SpeedTree/SpeedTreeColorVariation.uasset: 'E:/Epic Games/4.8/Engine/Content/Functions/Engine_MaterialFunctions01/SpeedTree/SpeedTreeColorVariation.uasset' is outside repository
[2015.08.12-08.32.54:069][144]SourceControl: Info fatal: E:/Epic Games/4.8/Engine/Content/Functions/Engine_MaterialFunctions01/Texturing/BakedDisplacement.uasset: 'E:/Epic Games/4.8/Engine/Content/Functions/Engine_MaterialFunctions01/Texturing/BakedDisplacement.uasset' is outside repository
[2015.08.12-08.32.54:069][144]SourceControl: Info fatal: E:/Epic Games/4.8/Engine/Content/Functions/Engine_MaterialFunctions01/Vectors/MF_RotateVector_90.uasset: 'E:/Epic Games/4.8/Engine/Content/Functions/Engine_MaterialFunctions01/Vectors/MF_RotateVector_90.uasset' is outside repository
[2015.08.12-08.32.54:069][144]SourceControl: Info fatal: E:/Epic Games/4.8/Engine/Content/Functions/Engine_MaterialFunctions01/WorldPositionOffset/ConstantScalebyDistance.uasset: 'E:/Epic Games/4.8/Engine/Content/Functions/Engine_MaterialFunctions01/WorldPositionOffset/ConstantScalebyDistance.uasset' is outside repository
[2015.08.12-08.32.54:069][144]SourceControl: Info fatal: E:/Epic Games/4.8/Engine/Content/Functions/Engine_MaterialFunctions02/3PointLevels.uasset: 'E:/Epic Games/4.8/Engine/Content/Functions/Engine_MaterialFunctions02/3PointLevels.uasset' is outside repository
[2015.08.12-08.32.54:069][144]SourceControl: Info fatal: E:/Epic Games/4.8/Engine/Content/Functions/Engine_MaterialFunctions02/ExampleContent/3dParticleOpacityInstance.uasset: 'E:/Epic Games/4.8/Engine/Content/Functions/Engine_MaterialFunctions02/ExampleContent/3dParticleOpacityInstance.uasset' is outside repository
[2015.08.12-08.32.54:069][144]SourceControl: Info fatal: E:/Epic Games/4.8/Engine/Content/Functions/Engine_MaterialFunctions02/ExampleContent/MacroUVs/MacroUVs.uasset: 'E:/Epic Games/4.8/Engine/Content/Functions/Engine_MaterialFunctions02/ExampleContent/MacroUVs/MacroUVs.uasset' is outside repository
[2015.08.12-08.32.54:069][144]SourceControl: Info fatal: E:/Epic Games/4.8/Engine/Content/Functions/Engine_MaterialFunctions02/ExampleContent/TextureBasedWPO/DemoBox.uasset: 'E:/Epic Games/4.8/Engine/Content/Functions/Engine_MaterialFunctions02/ExampleContent/TextureBasedWPO/DemoBox.uasset' is outside repository
[2015.08.12-08.32.54:069][144]SourceControl: Info fatal: E:/Epic Games/4.8/Engine/Content/Functions/Engine_MaterialFunctions02/ExampleContent/Textures/DebugNumberPeriod.uasset: 'E:/Epic Games/4.8/Engine/Content/Functions/Engine_MaterialFunctions02/ExampleContent/Textures/DebugNumberPeriod.uasset' is outside repository
[2015.08.12-08.32.54:069][144]SourceControl: Info fatal: E:/Epic Games/4.8/Engine/Content/Functions/Engine_MaterialFunctions02/Gradients/GradientMap_Multi.uasset: 'E:/Epic Games/4.8/Engine/Content/Functions/Engine_MaterialFunctions02/Gradients/GradientMap_Multi.uasset' is outside repository
[2015.08.12-08.32.54:069][144]SourceControl: Info fatal: E:/Epic Games/4.8/Engine/Content/Functions/Engine_MaterialFunctions02/Math/AddComponents.uasset: 'E:/Epic Games/4.8/Engine/Content/Functions/Engine_MaterialFunctions02/Math/AddComponents.uasset' is outside repository
[2015.08.12-08.32.54:069][144]SourceControl: Info fatal: E:/Epic Games/4.8/Engine/Content/Functions/Engine_MaterialFunctions02/MAXScripts/MeshSequenceFlipbook_Script.uasset: 'E:/Epic Games/4.8/Engine/Content/Functions/Engine_MaterialFunctions02/MAXScripts/MeshSequenceFlipbook_Script.uasset' is outside repository
[2015.08.12-08.32.54:069][144]SourceControl: Info fatal: E:/Epic Games/4.8/Engine/Content/Functions/Engine_MaterialFunctions02/Normals/RotateNormalWhileMasking.uasset: 'E:/Epic Games/4.8/Engine/Content/Functions/Engine_MaterialFunctions02/Normals/RotateNormalWhileMasking.uasset' is outside repository
[2015.08.12-08.32.54:069][144]SourceControl: Info fatal: E:/Epic Games/4.8/Engine/Content/Functions/Engine_MaterialFunctions02/NotInUse/WorldAlignedNormals_HighQuality_optimizationAttempt.uasset: 'E:/Epic Games/4.8/Engine/Content/Functions/Engine_MaterialFunctions02/NotInUse/WorldAlignedNormals_HighQuality_optimizationAttempt.uasset' is outside repository
[2015.08.12-08.32.54:069][144]SourceControl: Info fatal: E:/Epic Games/4.8/Engine/Content/Functions/Engine_MaterialFunctions02/PivotPainter/PivotPainter_HierarchyData.uasset: 'E:/Epic Games/4.8/Engine/Content/Functions/Engine_MaterialFunctions02/PivotPainter/PivotPainter_HierarchyData.uasset' is outside repository
[2015.08.12-08.32.54:069][144]SourceControl: Info fatal: E:/Epic Games/4.8/Engine/Content/Functions/Engine_MaterialFunctions02/Texturing/3dParticleOpacity.uasset: 'E:/Epic Games/4.8/Engine/Content/Functions/Engine_MaterialFunctions02/Texturing/3dParticleOpacity.uasset' is outside repository
[2015.08.12-08.32.54:069][144]SourceControl: Info fatal: E:/Epic Games/4.8/Engine/Content/Functions/Engine_MaterialFunctions02/Utility/BlendAngleCorrectedNormals.uasset: 'E:/Epic Games/4.8/Engine/Content/Functions/Engine_MaterialFunctions02/Utility/BlendAngleCorrectedNormals.uasset' is outside repository
[2015.08.12-08.32.54:069][144]SourceControl: Info fatal: E:/Epic Games/4.8/Engine/Content/Functions/Engine_MaterialFunctions02/UVs/BoundingBoxBased_0-1_UVW.uasset: 'E:/Epic Games/4.8/Engine/Content/Functions/Engine_MaterialFunctions02/UVs/BoundingBoxBased_0-1_UVW.uasset' is outside repository
[2015.08.12-08.32.54:069][144]SourceControl: Info fatal: E:/Epic Games/4.8/Engine/Content/Functions/Engine_MaterialFunctions02/WorldPositionOffset/AdjustNormalsToCompensateForRotateAboutAxisOffset.uasset: 'E:/Epic Games/4.8/Engine/Content/Functions/Engine_MaterialFunctions02/WorldPositionOffset/AdjustNormalsToCompensateForRotateAboutAxisOffset.uasset' is outside repository
[2015.08.12-08.32.54:069][144]SourceControl: Info fatal: E:/Epic Games/4.8/Engine/Content/Functions/Engine_MaterialFunctions03/Blends/Blend_ColorBurn.uasset: 'E:/Epic Games/4.8/Engine/Content/Functions/Engine_MaterialFunctions03/Blends/Blend_ColorBurn.uasset' is outside repository
[2015.08.12-08.32.54:069][144]SourceControl: Info fatal: E:/Epic Games/4.8/Engine/Content/Functions/Engine_MaterialFunctions03/ComplexMotion/Motion_4WayChaos.uasset: 'E:/Epic Games/4.8/Engine/Content/Functions/Engine_MaterialFunctions03/ComplexMotion/Motion_4WayChaos.uasset' is outside repository
[2015.08.12-08.32.54:069][144]SourceControl: Info fatal: E:/Epic Games/4.8/Engine/Content/Functions/Engine_MaterialFunctions03/Particles/Distance_Blend.uasset: 'E:/Epic Games/4.8/Engine/Content/Functions/Engine_MaterialFunctions03/Particles/Distance_Blend.uasset' is outside repository
[2015.08.12-08.32.54:069][144]SourceControl: Info fatal: E:/Epic Games/4.8/Engine/Content/Functions/Engine_MaterialFunctions03/Procedurals/ComputeFilterWidth.uasset: 'E:/Epic Games/4.8/Engine/Content/Functions/Engine_MaterialFunctions03/Procedurals/ComputeFilterWidth.uasset' is outside repository
[2015.08.12-08.32.54:069][144]SourceControl: Info fatal: E:/Epic Games/4.8/Engine/Content/Functions/Engine_MaterialFunctions03/Texturing/CameraWorldBlend.uasset: 'E:/Epic Games/4.8/Engine/Content/Functions/Engine_MaterialFunctions03/Texturing/CameraWorldBlend.uasset' is outside repository
[2015.08.12-08.32.54:070][144]SourceControl: Info fatal: E:/Epic Games/4.8/Engine/Content/Functions/GetPostProcessFunctions/GetAmbientCubemapIntensity.uasset: 'E:/Epic Games/4.8/Engine/Content/Functions/GetPostProcessFunctions/GetAmbientCubemapIntensity.uasset' is outside repository
[2015.08.12-08.32.54:070][144]SourceControl: Info fatal: E:/Epic Games/4.8/Engine/Content/Functions/MaterialLayerFunctions/MatLayerBlend_AddWorldPositionOffset.uasset: 'E:/Epic Games/4.8/Engine/Content/Functions/MaterialLayerFunctions/MatLayerBlend_AddWorldPositionOffset.uasset' is outside repository
[2015.08.12-08.32.54:070][144]SourceControl: Info fatal: E:/Epic Games/4.8/Engine/Content/Maps/Entry.umap: 'E:/Epic Games/4.8/Engine/Content/Maps/Entry.umap' is outside repository
[2015.08.12-08.32.54:070][144]SourceControl: Info fatal: E:/Epic Games/4.8/Engine/Content/Maps/Templates/Template_Default.umap: 'E:/Epic Games/4.8/Engine/Content/Maps/Templates/Template_Default.umap' is outside repository
[2015.08.12-08.32.54:070][144]SourceControl: Info fatal: E:/Epic Games/4.8/Engine/Content/Maps/Templates/Thumbnails/Default.uasset: 'E:/Epic Games/4.8/Engine/Content/Maps/Templates/Thumbnails/Default.uasset' is outside repository
[2015.08.12-08.32.54:070][144]SourceControl: Info fatal: E:/Epic Games/4.8/Engine/Content/MapTemplates/Bokeh_5Sides.uasset: 'E:/Epic Games/4.8/Engine/Content/MapTemplates/Bokeh_5Sides.uasset' is outside repository
[2015.08.12-08.32.54:070][144]SourceControl: Info fatal: E:/Epic Games/4.8/Engine/Content/MapTemplates/lut/LUT_Afternoon.uasset: 'E:/Epic Games/4.8/Engine/Content/MapTemplates/lut/LUT_Afternoon.uasset' is outside repository
[2015.08.12-08.32.54:070][144]SourceControl: Info fatal: E:/Epic Games/4.8/Engine/Content/MapTemplates/Materials/BasicAsset01.uasset: 'E:/Epic Games/4.8/Engine/Content/MapTemplates/Materials/BasicAsset01.uasset' is outside repository
[2015.08.12-08.32.54:070][144]SourceControl: Info fatal: E:/Epic Games/4.8/Engine/Content/MapTemplates/Sky/DaylightAmbientCubemap.uasset: 'E:/Epic Games/4.8/Engine/Content/MapTemplates/Sky/DaylightAmbientCubemap.uasset' is outside repository
[2015.08.12-08.32.54:070][144]SourceControl: Info fatal: E:/Epic Games/4.8/Engine/Content/MaterialTemplates/Gradients/Gradient_Linear.uasset: 'E:/Epic Games/4.8/Engine/Content/MaterialTemplates/Gradients/Gradient_Linear.uasset' is outside repository
[2015.08.12-08.32.54:070][144]SourceControl: Info fatal: E:/Epic Games/4.8/Engine/Content/MaterialTemplates/PerfTricks/MultiChannelMask.uasset: 'E:/Epic Games/4.8/Engine/Content/MaterialTemplates/PerfTricks/MultiChannelMask.uasset' is outside repository
[2015.08.12-08.32.54:070][144]SourceControl: Info fatal: E:/Epic Games/4.8/Engine/Content/MaterialTemplates/Textures/T_multiMask.uasset: 'E:/Epic Games/4.8/Engine/Content/MaterialTemplates/Textures/T_multiMask.uasset' is outside repository
[2015.08.12-08.32.54:070][144]SourceControl: Info fatal: E:/Epic Games/4.8/Engine/Content/MaterialTemplates/VertexAnimation/AdvancedFlag.uasset: 'E:/Epic Games/4.8/Engine/Content/MaterialTemplates/VertexAnimation/AdvancedFlag.uasset' is outside repository
[2015.08.12-08.32.54:070][144]SourceControl: Info fatal: E:/Epic Games/4.8/Engine/Content/MobileResources/T_MobileControls_texture.uasset: 'E:/Epic Games/4.8/Engine/Content/MobileResources/T_MobileControls_texture.uasset' is outside repository
[2015.08.12-08.32.54:070][144]SourceControl: Info fatal: E:/Epic Games/4.8/Engine/Content/MobileResources/HUD/AnalogHat.uasset: 'E:/Epic Games/4.8/Engine/Content/MobileResources/HUD/AnalogHat.uasset' is outside repository
[2015.08.12-08.32.54:070][144]SourceControl: Info fatal: E:/Epic Games/4.8/Engine/Content/TemplateResources/MI_Template_BaseBlue.uasset: 'E:/Epic Games/4.8/Engine/Content/TemplateResources/MI_Template_BaseBlue.uasset' is outside repository
[2015.08.12-08.32.54:070][144]SourceControl: Info fatal: E:/Epic Games/4.8/Engine/Content/Tutorial/ContentIntroCurve.uasset: 'E:/Epic Games/4.8/Engine/Content/Tutorial/ContentIntroCurve.uasset' is outside repository
[2015.08.12-08.32.54:070][144]SourceControl: Info fatal: E:/Epic Games/4.8/Engine/Content/Tutorial/Audio/Audience.uasset: 'E:/Epic Games/4.8/Engine/Content/Tutorial/Audio/Audience.uasset' is outside repository
[2015.08.12-08.32.54:070][144]SourceControl: Info fatal: E:/Epic Games/4.8/Engine/Content/Tutorial/Basics/ContentBrowserOverview.uasset: 'E:/Epic Games/4.8/Engine/Content/Tutorial/Basics/ContentBrowserOverview.uasset' is outside repository
[2015.08.12-08.32.54:070][144]SourceControl: Info fatal: E:/Epic Games/4.8/Engine/Content/Tutorial/Basics/TutorialAssets/CameraActor_64x.uasset: 'E:/Epic Games/4.8/Engine/Content/Tutorial/Basics/TutorialAssets/CameraActor_64x.uasset' is outside repository
[2015.08.12-08.32.54:070][144]SourceControl: Info fatal: E:/Epic Games/4.8/Engine/Content/Tutorial/BlueprintTutorials/BlueprintEditorTutorial.uasset: 'E:/Epic Games/4.8/Engine/Content/Tutorial/BlueprintTutorials/BlueprintEditorTutorial.uasset' is outside repository
[2015.08.12-08.32.54:070][144]SourceControl: Info fatal: E:/Epic Games/4.8/Engine/Content/Tutorial/BlueprintTutorials/TutorialAssets/BlueprintFunctionLibrary_64x.uasset: 'E:/Epic Games/4.8/Engine/Content/Tutorial/BlueprintTutorials/TutorialAssets/BlueprintFunctionLibrary_64x.uasset' is outside repository
[2015.08.12-08.32.54:070][144]SourceControl: Info fatal: E:/Epic Games/4.8/Engine/Content/Tutorial/Code/AddingCode.uasset: 'E:/Epic Games/4.8/Engine/Content/Tutorial/Code/AddingCode.uasset' is outside repository
[2015.08.12-08.32.54:070][144]SourceControl: Info fatal: E:/Epic Games/4.8/Engine/Content/Tutorial/Foliage/FoliageWalkThrough.uasset: 'E:/Epic Games/4.8/Engine/Content/Tutorial/Foliage/FoliageWalkThrough.uasset' is outside repository
[2015.08.12-08.32.54:070][144]SourceControl: Info fatal: E:/Epic Games/4.8/Engine/Content/Tutorial/Foliage/TutorialAssets/Foliage.uasset: 'E:/Epic Games/4.8/Engine/Content/Tutorial/Foliage/TutorialAssets/Foliage.uasset' is outside repository
[2015.08.12-08.32.54:070][144]SourceControl: Info fatal: E:/Epic Games/4.8/Engine/Content/Tutorial/Installation/InstallingVisualStudioTutorial.uasset: 'E:/Epic Games/4.8/Engine/Content/Tutorial/Installation/InstallingVisualStudioTutorial.uasset' is outside repository
[2015.08.12-08.32.54:070][144]SourceControl: Info fatal: E:/Epic Games/4.8/Engine/Content/Tutorial/InWorldBlueprintEditing/IWBE_Tutorial.uasset: 'E:/Epic Games/4.8/Engine/Content/Tutorial/InWorldBlueprintEditing/IWBE_Tutorial.uasset' is outside repository
[2015.08.12-08.32.54:070][144]SourceControl: Info fatal: E:/Epic Games/4.8/Engine/Content/Tutorial/InWorldBlueprintEditing/TutorialAssets/IWBE_Blutility.uasset: 'E:/Epic Games/4.8/Engine/Content/Tutorial/InWorldBlueprintEditing/TutorialAssets/IWBE_Blutility.uasset' is outside repository
[2015.08.12-08.32.54:070][144]SourceControl: Info fatal: E:/Epic Games/4.8/Engine/Content/Tutorial/Landscape/LandscapeWalkThrough.uasset: 'E:/Epic Games/4.8/Engine/Content/Tutorial/Landscape/LandscapeWalkThrough.uasset' is outside repository
[2015.08.12-08.32.54:070][144]SourceControl: Info fatal: E:/Epic Games/4.8/Engine/Content/Tutorial/Landscape/TutorialAssets/Landscape.uasset: 'E:/Epic Games/4.8/Engine/Content/Tutorial/Landscape/TutorialAssets/Landscape.uasset' is outside repository
[2015.08.12-08.32.54:070][144]SourceControl: Info fatal: E:/Epic Games/4.8/Engine/Content/Tutorial/Mobile/CreatingSigningCertAndProvisionTutorial.uasset: 'E:/Epic Games/4.8/Engine/Content/Tutorial/Mobile/CreatingSigningCertAndProvisionTutorial.uasset' is outside repository
[2015.08.12-08.32.54:070][144]SourceControl: Info fatal: E:/Epic Games/4.8/Engine/Content/Tutorial/Mobile/TutorialAssets/android_Icon.uasset: 'E:/Epic Games/4.8/Engine/Content/Tutorial/Mobile/TutorialAssets/android_Icon.uasset' is outside repository
[2015.08.12-08.32.54:070][144]SourceControl: Info fatal: E:/Epic Games/4.8/Engine/Content/Tutorial/Paper2D/FlipbookEditorTutorial.uasset: 'E:/Epic Games/4.8/Engine/Content/Tutorial/Paper2D/FlipbookEditorTutorial.uasset' is outside repository
[2015.08.12-08.32.54:070][144]SourceControl: Info fatal: E:/Epic Games/4.8/Engine/Content/Tutorial/Paper2D/TutorialAssets/Paper2DFlipbook_TutorialIcon.uasset: 'E:/Epic Games/4.8/Engine/Content/Tutorial/Paper2D/TutorialAssets/Paper2DFlipbook_TutorialIcon.uasset' is outside repository
[2015.08.12-08.32.54:070][144]SourceControl: Info fatal: E:/Epic Games/4.8/Engine/Content/Tutorial/SubEditors/DestructibleMeshEditorTutorial.uasset: 'E:/Epic Games/4.8/Engine/Content/Tutorial/SubEditors/DestructibleMeshEditorTutorial.uasset' is outside repository
[2015.08.12-08.32.54:070][144]SourceControl: Info fatal: E:/Epic Games/4.8/Engine/Content/Tutorial/SubEditors/TutorialAssets/android_Icon.uasset: 'E:/Epic Games/4.8/Engine/Content/Tutorial/SubEditors/TutorialAssets/android_Icon.uasset' is outside repository
[2015.08.12-08.32.54:070][144]SourceControl: Info fatal: E:/Epic Games/4.8/Engine/Content/Tutorial/SubEditors/TutorialAssets/Character/NewBlendSpace1D.uasset: 'E:/Epic Games/4.8/Engine/Content/Tutorial/SubEditors/TutorialAssets/Character/NewBlendSpace1D.uasset' is outside repository
[2015.08.12-08.32.54:070][144]SourceControl: Info fatal: E:/Epic Games/4.8/Engine/Plugins/2D/Paper2D/Content/DefaultLitSpriteMaterial.uasset: 'E:/Epic Games/4.8/Engine/Plugins/2D/Paper2D/Content/DefaultLitSpriteMaterial.uasset' is outside repository
[2015.08.12-08.32.54:070][144]SourceControl: Info fatal: E:/Epic Games/4.8/Engine/Plugins/2D/Paper2D/Content/PlaceholderTextures/DummySpriteTexture.uasset: 'E:/Epic Games/4.8/Engine/Plugins/2D/Paper2D/Content/PlaceholderTextures/DummySpriteTexture.uasset' is outside repository
[2015.08.12-08.32.54:070][144]SourceControl: Info fatal: E:/Epic Games/4.8/Engine/Plugins/Runtime/LeapMotionController/Content/LM_CapsuleMesh.uasset: 'E:/Epic Games/4.8/Engine/Plugins/Runtime/LeapMotionController/Content/LM_CapsuleMesh.uasset' is outside repository
[2015.08.12-08.32.54:070][144]SourceControl: Info fatal: E:/Epic Games/4.8/Engine/Content/: 'E:/Epic Games/4.8/Engine/Content/' is outside repository
[2015.08.12-08.32.54:163][144]LogD3D11RHI: InitD3DDevice
[2015.08.12-08.33.05:536][188]LogD3D11RHI: InitD3DDevice
[2015.08.12-08.33.05:619][188]LogAIModule: Creating AISystem for world Showcase
[2015.08.12-08.33.05:661][188]Cmd: MAP LOAD FILE="I:/Repos/CGgameAssets/Games/Boop/Content/MilitaryCharSilver/Showcase.umap" TEMPLATE=0 SHOWPROGRESS=1 FEATURELEVEL=3
[2015.08.12-08.33.05:662][188]LightingResults: New page: Lighting Build
[2015.08.12-08.33.05:676][188]LoadErrors: New page: Loading map: Showcase.umap
[2015.08.12-08.33.05:676][188]MapCheck: New page: Map Check
[2015.08.12-08.33.05:676][188]LightingResults: New page: Lighting Build
[2015.08.12-08.33.05:689][188]LogParticles: Destroying 0 GPU particle simulations for FXSystem 0x000000AC52DEF920
[2015.08.12-08.33.05:755][188]LogAIModule: Creating AISystem for world Showcase
[2015.08.12-08.33.05:759][188]LogEditorServer: Finished looking for orphan Actors (0.000 secs)
[2015.08.12-08.33.05:778][188]Cmd: MAP CHECKDEP NOCLEARLOG
[2015.08.12-08.33.05:809][188]MapCheck: Info Map check complete: 0 Error(s), 0 Warning(s), took 31.159ms to complete.
[2015.08.12-08.33.05:809][188]LogFileHelpers: Loading map 'Showcase' took 0.149
[2015.08.12-08.33.10:597][751]LogD3D11RHI: InitD3DDevice
[2015.08.12-08.33.15:766][367]LogD3D11RHI: InitD3DDevice
[2015.08.12-08.33.15:799][367]LogD3D11RHI: InitD3DDevice
[2015.08.12-08.33.15:818][367]Cmd: OBJ SAVEPACKAGE PACKAGE="/Game/MilitaryCharSilver/Showcase" FILE="I:/Repos/CGgameAssets/Games/Boop/Content/MilitaryCharSilver/Showcase.umap" SILENT=true AUTOSAVING=false KEEPDIRTY=false
[2015.08.12-08.33.15:864][367]LogSavePackage: Save=25.599380ms
[2015.08.12-08.33.15:864][367]LogSavePackage: Moving 'I:/Repos/CGgameAssets/Games/Boop/Saved/Showcase57A1859940F06060550FA8A88819D9A4.tmp' to 'I:/Repos/CGgameAssets/Games/Boop/Content/MilitaryCharSilver/Showcase.umap'
[2015.08.12-08.33.21:463][ 25]LogD3D11RHI: InitD3DDevice
[2015.08.12-08.33.27:646][756]LogD3D11RHI: InitD